<?xml version="1.0" encoding="UTF-8"?>
<!-- Generated by org.testng.reporters.JUnitReportReporter -->
<testsuite hostname="OZL9804W" failures="0" tests="1" name="testPackage.class2" time="0.005" errors="0" timestamp="2024-01-17T09:11:07 IST" skipped="0">
  <testcase classname="testPackage.class2" name="personalThings" time="0.005"/>
  <system-out/>
</testsuite> <!-- testPackage.class2 -->
