<?xml version="1.0" encoding="UTF-8"?>
<!-- Generated by org.testng.reporters.JUnitReportReporter -->
<testsuite hostname="OZL9804W" failures="0" tests="3" name="testPackage.class3" time="0.003" errors="0" timestamp="2024-01-17T11:53:15 IST" skipped="0">
  <testcase classname="testPackage.class3" name="webLoginCarLoan" time="0.000"/>
  <system-out/>
  <testcase classname="testPackage.class3" name="apiLoginCarLoan" time="0.002"/>
  <system-out/>
  <testcase classname="testPackage.class3" name="mobgileLoginCarLoan" time="0.001"/>
  <system-out/>
</testsuite> <!-- testPackage.class3 -->
