<?xml version="1.0" encoding="UTF-8"?>
<!-- Generated by org.testng.reporters.JUnitReportReporter -->
<testsuite hostname="OZL9804W" failures="0" tests="2" name="testPackage.class1" time="0.002" errors="0" timestamp="2024-01-17T09:11:07 IST" skipped="0">
  <testcase classname="testPackage.class1" name="demo" time="0.001"/>
  <system-out/>
  <testcase classname="testPackage.class1" name="secondDemo1" time="0.001"/>
  <system-out/>
</testsuite> <!-- testPackage.class1 -->
