<?xml version="1.0" encoding="UTF-8"?>
<!-- Generated by org.testng.reporters.JUnitReportReporter -->
<testsuite hostname="OZL9804W" failures="0" tests="6" name="testPackage.class4" time="0.005" errors="0" timestamp="2024-01-17T11:53:15 IST" skipped="0">
  <testcase classname="testPackage.class4" name="webLoginHomeLoan" time="0.000"/>
  <system-out/>
  <testcase classname="testPackage.class4" name="mobileLoginHomeLoan" time="0.000"/>
  <system-out/>
  <testcase classname="testPackage.class4" name="apiLoginHomeLoan4" time="0.000"/>
  <system-out/>
  <testcase classname="testPackage.class4" name="apiLoginHomeLoan4" time="0.000"/>
  <system-out/>
  <testcase classname="testPackage.class4" name="apiLoginHomeLoan4" time="0.001"/>
  <system-out/>
  <testcase classname="testPackage.class4" name="apiLoginHomeLoan" time="0.004"/>
  <system-out/>
</testsuite> <!-- testPackage.class4 -->
